<?xml version="1.0" encoding="UTF-8"?>
<testng-results ignored="0" total="1" passed="1" failed="0" skipped="0">
  <reporter-output>
  </reporter-output>
  <suite started-at="2019-08-28T02:44:48 IST" name="Default suite" finished-at="2019-08-28T02:45:07 IST" duration-ms="18227">
    <groups>
    </groups>
    <test started-at="2019-08-28T02:44:48 IST" name="Default test" finished-at="2019-08-28T02:45:07 IST" duration-ms="18227">
      <class name="com.org.PHP_Maven_Test.PHP_Maven_Test.Verify_test">
        <test-method signature="VerifyAboutPageTest()[pri:0, instance:com.org.PHP_Maven_Test.PHP_Maven_Test.Verify_test@52bf72b5]" started-at="2019-08-28T02:44:49 IST" name="VerifyAboutPageTest" finished-at="2019-08-28T02:45:07 IST" duration-ms="18069" status="PASS">
          <reporter-output>
          </reporter-output>
        </test-method> <!-- VerifyAboutPageTest -->
      </class> <!-- com.org.PHP_Maven_Test.PHP_Maven_Test.Verify_test -->
    </test> <!-- Default test -->
  </suite> <!-- Default suite -->
</testng-results>
